<?xml version="1.0" encoding="UTF-8"?>
<!-- Generated by org.testng.reporters.JUnitXMLReporter -->
<testsuite ignored="3" hostname="DESKTOP-PBDFRFN" failures="0" tests="2" name="Car Loan" time="0.11" errors="0" timestamp="2024-06-07T15:57:33 IST">
  <testcase classname="test.Day3" name="APIcarLoan" time="0.015"/>
  <testcase classname="test.Day3" name="WebloginCarLoan" time="0.003"/>
  <testcase classname="test.Day3" name="MobileSignOutcarLoan" time="0.0">
    <ignored/>
  </testcase> <!-- MobileSignOutcarLoan -->
  <testcase classname="test.Day3" name="MobileLogincarLoan" time="0.0">
    <ignored/>
  </testcase> <!-- MobileLogincarLoan -->
  <testcase classname="test.Day3" name="MobileSignincarLoan" time="0.0">
    <ignored/>
  </testcase> <!-- MobileSignincarLoan -->
</testsuite> <!-- Car Loan -->
