<?xml version="1.0" encoding="UTF-8"?>
<!-- Generated by org.testng.reporters.JUnitXMLReporter -->
<testsuite ignored="8" hostname="DESKTOP-PBDFRFN" failures="0" tests="3" name="Regression" time="0.123" errors="0" timestamp="2024-06-06T16:30:18 IST">
  <testcase classname="test.Day2" name="ploan" time="0.014"/>
  <testcase classname="test.Day4" name="MobileLoginhomeLoan" time="0.002"/>
  <testcase classname="test.Day3" name="MobileLogincarLoan" time="0.002"/>
  <testcase classname="test.Day3" name="APIcarLoan" time="0.0">
    <ignored/>
  </testcase> <!-- APIcarLoan -->
  <testcase classname="test.Day3" name="WebloginCarLoan" time="0.0">
    <ignored/>
  </testcase> <!-- WebloginCarLoan -->
  <testcase classname="test.Day3" name="MobileSignOutcarLoan" time="0.0">
    <ignored/>
  </testcase> <!-- MobileSignOutcarLoan -->
  <testcase classname="test.Day4" name="WebloginHomeLoan" time="0.0">
    <ignored/>
  </testcase> <!-- WebloginHomeLoan -->
  <testcase classname="test.Day1" name="Demo" time="0.0">
    <ignored/>
  </testcase> <!-- Demo -->
  <testcase classname="test.Day4" name="LoginAPIhomeLoan" time="0.0">
    <ignored/>
  </testcase> <!-- LoginAPIhomeLoan -->
  <testcase classname="test.Day1" name="SecondTest" time="0.0">
    <ignored/>
  </testcase> <!-- SecondTest -->
  <testcase classname="test.Day3" name="MobileSignincarLoan" time="0.0">
    <ignored/>
  </testcase> <!-- MobileSignincarLoan -->
</testsuite> <!-- Regression -->
